Command line invocation:
    /Applications/Xcode-beta.app/Contents/Developer/usr/bin/xcodebuild -project TapCard.xcodeproj -scheme TapCard -destination "generic/platform=iOS Simulator" build

Resolve Package Graph


Resolved source packages:
  swift-crypto: https://github.com/apple/swift-crypto.git @ 4.5.0
  swift-asn1: https://github.com/apple/swift-asn1.git @ 1.7.1
  swift-clocks: https://github.com/pointfreeco/swift-clocks @ 1.1.0
  swift-http-types: https://github.com/apple/swift-http-types.git @ 1.6.0
  Supabase: https://github.com/supabase/supabase-swift @ 2.51.0
  swift-concurrency-extras: https://github.com/pointfreeco/swift-concurrency-extras @ 1.4.0
  xctest-dynamic-overlay: https://github.com/pointfreeco/xctest-dynamic-overlay @ 1.11.0

ComputePackagePrebuildTargetDependencyGraph

Prepare packages

CreateBuildRequest

SendProjectDescription

CreateBuildOperation

ComputeTargetDependencyGraph
note: Building targets in dependency order
note: Target dependency graph (23 targets)
    Target 'TapCard' in project 'TapCard'
        ➜ Explicit dependency on target 'Supabase-product' in project 'Supabase'
    Target 'Supabase-product' in project 'Supabase'
        ➜ Explicit dependency on target 'Supabase' in project 'Supabase'
        ➜ Explicit dependency on target 'Helpers' in project 'Supabase'
        ➜ Explicit dependency on target 'Auth' in project 'Supabase'
        ➜ Explicit dependency on target 'Functions' in project 'Supabase'
        ➜ Explicit dependency on target 'PostgREST' in project 'Supabase'
        ➜ Explicit dependency on target 'RealtimeV2' in project 'Supabase'
        ➜ Explicit dependency on target 'Realtime' in project 'Supabase'
        ➜ Explicit dependency on target 'Storage' in project 'Supabase'
        ➜ Explicit dependency on target 'ConcurrencyExtras-product' in project 'swift-concurrency-extras'
        ➜ Explicit dependency on target 'HTTPTypes-product' in project 'swift-http-types'
        ➜ Explicit dependency on target 'Clocks-product' in project 'swift-clocks'
        ➜ Explicit dependency on target 'XCTestDynamicOverlay-product' in project 'xctest-dynamic-overlay'
        ➜ Explicit dependency on target 'IssueReporting-product' in project 'xctest-dynamic-overlay'
        ➜ Explicit dependency on target 'Crypto-product' in project 'swift-crypto'
    Target 'Supabase' in project 'Supabase'
        ➜ Explicit dependency on target 'Helpers' in project 'Supabase'
        ➜ Explicit dependency on target 'Auth' in project 'Supabase'
        ➜ Explicit dependency on target 'Functions' in project 'Supabase'
        ➜ Explicit dependency on target 'PostgREST' in project 'Supabase'
        ➜ Explicit dependency on target 'RealtimeV2' in project 'Supabase'
        ➜ Explicit dependency on target 'Realtime' in project 'Supabase'
        ➜ Explicit dependency on target 'Storage' in project 'Supabase'
        ➜ Explicit dependency on target 'ConcurrencyExtras-product' in project 'swift-concurrency-extras'
        ➜ Explicit dependency on target 'HTTPTypes-product' in project 'swift-http-types'
        ➜ Explicit dependency on target 'Clocks-product' in project 'swift-clocks'
        ➜ Explicit dependency on target 'XCTestDynamicOverlay-product' in project 'xctest-dynamic-overlay'
        ➜ Explicit dependency on target 'IssueReporting-product' in project 'xctest-dynamic-overlay'
        ➜ Explicit dependency on target 'Crypto-product' in project 'swift-crypto'
    Target 'Storage' in project 'Supabase'
        ➜ Explicit dependency on target 'Helpers' in project 'Supabase'
        ➜ Explicit dependency on target 'ConcurrencyExtras-product' in project 'swift-concurrency-extras'
        ➜ Explicit dependency on target 'HTTPTypes-product' in project 'swift-http-types'
        ➜ Explicit dependency on target 'Clocks-product' in project 'swift-clocks'
        ➜ Explicit dependency on target 'XCTestDynamicOverlay-product' in project 'xctest-dynamic-overlay'
        ➜ Explicit dependency on target 'IssueReporting-product' in project 'xctest-dynamic-overlay'
    Target 'Realtime' in project 'Supabase'
        ➜ Explicit dependency on target 'Helpers' in project 'Supabase'
        ➜ Explicit dependency on target 'RealtimeV2' in project 'Supabase'
        ➜ Explicit dependency on target 'ConcurrencyExtras-product' in project 'swift-concurrency-extras'
        ➜ Explicit dependency on target 'HTTPTypes-product' in project 'swift-http-types'
        ➜ Explicit dependency on target 'Clocks-product' in project 'swift-clocks'
        ➜ Explicit dependency on target 'XCTestDynamicOverlay-product' in project 'xctest-dynamic-overlay'
        ➜ Explicit dependency on target 'IssueReporting-product' in project 'xctest-dynamic-overlay'
    Target 'RealtimeV2' in project 'Supabase'
        ➜ Explicit dependency on target 'Helpers' in project 'Supabase'
        ➜ Explicit dependency on target 'ConcurrencyExtras-product' in project 'swift-concurrency-extras'
        ➜ Explicit dependency on target 'HTTPTypes-product' in project 'swift-http-types'
        ➜ Explicit dependency on target 'Clocks-product' in project 'swift-clocks'
        ➜ Explicit dependency on target 'XCTestDynamicOverlay-product' in project 'xctest-dynamic-overlay'
        ➜ Explicit dependency on target 'IssueReporting-product' in project 'xctest-dynamic-overlay'
    Target 'PostgREST' in project 'Supabase'
        ➜ Explicit dependency on target 'Helpers' in project 'Supabase'
        ➜ Explicit dependency on target 'ConcurrencyExtras-product' in project 'swift-concurrency-extras'
        ➜ Explicit dependency on target 'HTTPTypes-product' in project 'swift-http-types'
        ➜ Explicit dependency on target 'Clocks-product' in project 'swift-clocks'
        ➜ Explicit dependency on target 'XCTestDynamicOverlay-product' in project 'xctest-dynamic-overlay'
        ➜ Explicit dependency on target 'IssueReporting-product' in project 'xctest-dynamic-overlay'
    Target 'Functions' in project 'Supabase'
        ➜ Explicit dependency on target 'Helpers' in project 'Supabase'
        ➜ Explicit dependency on target 'ConcurrencyExtras-product' in project 'swift-concurrency-extras'
        ➜ Explicit dependency on target 'HTTPTypes-product' in project 'swift-http-types'
        ➜ Explicit dependency on target 'Clocks-product' in project 'swift-clocks'
        ➜ Explicit dependency on target 'XCTestDynamicOverlay-product' in project 'xctest-dynamic-overlay'
        ➜ Explicit dependency on target 'IssueReporting-product' in project 'xctest-dynamic-overlay'
    Target 'Auth' in project 'Supabase'
        ➜ Explicit dependency on target 'Helpers' in project 'Supabase'
        ➜ Explicit dependency on target 'ConcurrencyExtras-product' in project 'swift-concurrency-extras'
        ➜ Explicit dependency on target 'HTTPTypes-product' in project 'swift-http-types'
        ➜ Explicit dependency on target 'Clocks-product' in project 'swift-clocks'
        ➜ Explicit dependency on target 'XCTestDynamicOverlay-product' in project 'xctest-dynamic-overlay'
        ➜ Explicit dependency on target 'IssueReporting-product' in project 'xctest-dynamic-overlay'
        ➜ Explicit dependency on target 'Crypto-product' in project 'swift-crypto'
    Target 'Crypto-product' in project 'swift-crypto'
        ➜ Explicit dependency on target 'Crypto' in project 'swift-crypto'
        ➜ Explicit dependency on target 'swift-crypto_Crypto' in project 'swift-crypto'
    Target 'Crypto' in project 'swift-crypto'
        ➜ Explicit dependency on target 'swift-crypto_Crypto' in project 'swift-crypto'
    Target 'swift-crypto_Crypto' in project 'swift-crypto' (no dependencies)
    Target 'Helpers' in project 'Supabase'
        ➜ Explicit dependency on target 'ConcurrencyExtras-product' in project 'swift-concurrency-extras'
        ➜ Explicit dependency on target 'HTTPTypes-product' in project 'swift-http-types'
        ➜ Explicit dependency on target 'Clocks-product' in project 'swift-clocks'
        ➜ Explicit dependency on target 'XCTestDynamicOverlay-product' in project 'xctest-dynamic-overlay'
        ➜ Explicit dependency on target 'IssueReporting-product' in project 'xctest-dynamic-overlay'
    Target 'XCTestDynamicOverlay-product' in project 'xctest-dynamic-overlay'
        ➜ Explicit dependency on target 'XCTestDynamicOverlay' in project 'xctest-dynamic-overlay'
        ➜ Explicit dependency on target 'IssueReporting' in project 'xctest-dynamic-overlay'
    Target 'XCTestDynamicOverlay' in project 'xctest-dynamic-overlay'
        ➜ Explicit dependency on target 'IssueReporting' in project 'xctest-dynamic-overlay'
    Target 'Clocks-product' in project 'swift-clocks'
        ➜ Explicit dependency on target 'Clocks' in project 'swift-clocks'
        ➜ Explicit dependency on target 'ConcurrencyExtras-product' in project 'swift-concurrency-extras'
        ➜ Explicit dependency on target 'IssueReporting-product' in project 'xctest-dynamic-overlay'
    Target 'Clocks' in project 'swift-clocks'
        ➜ Explicit dependency on target 'ConcurrencyExtras-product' in project 'swift-concurrency-extras'
        ➜ Explicit dependency on target 'IssueReporting-product' in project 'xctest-dynamic-overlay'
    Target 'IssueReporting-product' in project 'xctest-dynamic-overlay'
        ➜ Explicit dependency on target 'IssueReporting' in project 'xctest-dynamic-overlay'
    Target 'IssueReporting' in project 'xctest-dynamic-overlay' (no dependencies)
    Target 'HTTPTypes-product' in project 'swift-http-types'
        ➜ Explicit dependency on target 'HTTPTypes' in project 'swift-http-types'
    Target 'HTTPTypes' in project 'swift-http-types' (no dependencies)
    Target 'ConcurrencyExtras-product' in project 'swift-concurrency-extras'
        ➜ Explicit dependency on target 'ConcurrencyExtras' in project 'swift-concurrency-extras'
    Target 'ConcurrencyExtras' in project 'swift-concurrency-extras' (no dependencies)

GatherProvisioningInputs

CreateBuildDescription

ExecuteExternalTool /Applications/Xcode-beta.app/Contents/Developer/Toolchains/XcodeDefault.xctoolchain/usr/bin/swiftc --version

ExecuteExternalTool /Applications/Xcode-beta.app/Contents/Developer/Toolchains/XcodeDefault.xctoolchain/usr/bin/clang -v -E -dM -isysroot /Applications/Xcode-beta.app/Contents/Developer/Platforms/iPhoneSimulator.platform/Developer/SDKs/iPhoneSimulator27.0.sdk -x c -c /dev/null

ExecuteExternalTool /Applications/Xcode-beta.app/Contents/Developer/usr/bin/actool --print-asset-tag-combinations --output-format xml1 /Users/matty/Git_Repos/TapCard/ios/TapCard/Resources/Assets.xcassets

ExecuteExternalTool /Applications/Xcode-beta.app/Contents/Developer/usr/bin/actool --version --output-format xml1

ExecuteExternalTool /Applications/Xcode-beta.app/Contents/Developer/Toolchains/XcodeDefault.xctoolchain/usr/bin/ld -version_details

ReadFileContents /Applications/Xcode-beta.app/Contents/Developer/Toolchains/XcodeDefault.xctoolchain/usr/share/docc/features.json

Build description signature: 6f1e02fa32fe90f5c69530d75f555980
Build description path: /Users/matty/Library/Developer/Xcode/DerivedData/TapCard-fnnjqtdltmyqaphjbfosxtdfgccd/Build/Intermediates.noindex/XCBuildData/6f1e02fa32fe90f5c69530d75f555980.xcbuilddata
ClangStatCache /Applications/Xcode-beta.app/Contents/Developer/Toolchains/XcodeDefault.xctoolchain/usr/bin/clang-stat-cache /Applications/Xcode-beta.app/Contents/Developer/Platforms/iPhoneSimulator.platform/Developer/SDKs/iPhoneSimulator27.0.sdk /Users/matty/Library/Developer/Xcode/DerivedData/SDKStatCaches.noindex/iphonesimulator27.0-24A5370g-3243818bda632a4370e1cc7a9fd181c5.sdkstatcache
    cd /Users/matty/Git_Repos/TapCard/ios/TapCard.xcodeproj
    /Applications/Xcode-beta.app/Contents/Developer/Toolchains/XcodeDefault.xctoolchain/usr/bin/clang-stat-cache /Applications/Xcode-beta.app/Contents/Developer/Platforms/iPhoneSimulator.platform/Developer/SDKs/iPhoneSimulator27.0.sdk -o /Users/matty/Library/Developer/Xcode/DerivedData/SDKStatCaches.noindex/iphonesimulator27.0-24A5370g-3243818bda632a4370e1cc7a9fd181c5.sdkstatcache

ProcessInfoPlistFile /Users/matty/Library/Developer/Xcode/DerivedData/TapCard-fnnjqtdltmyqaphjbfosxtdfgccd/Build/Products/Debug-iphonesimulator/swift-crypto_Crypto.bundle/Info.plist /Users/matty/Library/Developer/Xcode/DerivedData/TapCard-fnnjqtdltmyqaphjbfosxtdfgccd/Build/Intermediates.noindex/swift-crypto.build/Debug-iphonesimulator/swift-crypto_Crypto-b.build/empty-swift-crypto_Crypto.plist (in target 'swift-crypto_Crypto' from project 'swift-crypto')
    cd /Users/matty/Library/Developer/Xcode/DerivedData/TapCard-fnnjqtdltmyqaphjbfosxtdfgccd/SourcePackages/checkouts/swift-crypto
    builtin-infoPlistUtility /Users/matty/Library/Developer/Xcode/DerivedData/TapCard-fnnjqtdltmyqaphjbfosxtdfgccd/Build/Intermediates.noindex/swift-crypto.build/Debug-iphonesimulator/swift-crypto_Crypto-b.build/empty-swift-crypto_Crypto.plist -producttype com.apple.product-type.bundle -expandbuildsettings -format binary -platform iphonesimulator -o /Users/matty/Library/Developer/Xcode/DerivedData/TapCard-fnnjqtdltmyqaphjbfosxtdfgccd/Build/Products/Debug-iphonesimulator/swift-crypto_Crypto.bundle/Info.plist

SwiftDriver TapCard normal arm64 com.apple.xcode.tools.swift.compiler (in target 'TapCard' from project 'TapCard')
    cd /Users/matty/Git_Repos/TapCard/ios
    builtin-SwiftDriver -- /Applications/Xcode-beta.app/Contents/Developer/Toolchains/XcodeDefault.xctoolchain/usr/bin/swiftc -module-name TapCard -Onone @/Users/matty/Library/Developer/Xcode/DerivedData/TapCard-fnnjqtdltmyqaphjbfosxtdfgccd/Build/Intermediates.noindex/TapCard.build/Debug-iphonesimulator/TapCard.build/Objects-normal/arm64/TapCard.SwiftFileList -DDEBUG -enable-bare-slash-regex -enable-experimental-feature DebugDescriptionMacro -sdk /Applications/Xcode-beta.app/Contents/Developer/Platforms/iPhoneSimulator.platform/Developer/SDKs/iPhoneSimulator27.0.sdk -target arm64-apple-ios16.0-simulator -g -module-cache-path /Users/matty/Library/Developer/Xcode/DerivedData/ModuleCache.noindex -Xfrontend -serialize-debugging-options -enable-testing -index-store-path /Users/matty/Library/Developer/Xcode/DerivedData/TapCard-fnnjqtdltmyqaphjbfosxtdfgccd/Index.noindex/DataStore -Xcc -D_LIBCPP_HARDENING_MODE\=_LIBCPP_HARDENING_MODE_DEBUG -swift-version 5 -I /Users/matty/Library/Developer/Xcode/DerivedData/TapCard-fnnjqtdltmyqaphjbfosxtdfgccd/Build/Products/Debug-iphonesimulator -F /Users/matty/Library/Developer/Xcode/DerivedData/TapCard-fnnjqtdltmyqaphjbfosxtdfgccd/Build/Products/Debug-iphonesimulator/PackageFrameworks -F /Users/matty/Library/Developer/Xcode/DerivedData/TapCard-fnnjqtdltmyqaphjbfosxtdfgccd/Build/Products/Debug-iphonesimulator -c -j10 -enable-batch-mode -incremental -Xcc -ivfsstatcache -Xcc /Users/matty/Library/Developer/Xcode/DerivedData/SDKStatCaches.noindex/iphonesimulator27.0-24A5370g-3243818bda632a4370e1cc7a9fd181c5.sdkstatcache -output-file-map /Users/matty/Library/Developer/Xcode/DerivedData/TapCard-fnnjqtdltmyqaphjbfosxtdfgccd/Build/Intermediates.noindex/TapCard.build/Debug-iphonesimulator/TapCard.build/Objects-normal/arm64/TapCard-OutputFileMap.json -save-temps -no-color-diagnostics -explicit-module-build -module-cache-path /Users/matty/Library/Developer/Xcode/DerivedData/TapCard-fnnjqtdltmyqaphjbfosxtdfgccd/Build/Intermediates.noindex/SwiftExplicitPrecompiledModules -clang-scanner-module-cache-path /Users/matty/Library/Developer/Xcode/DerivedData/ModuleCache.noindex -sdk-module-cache-path /Users/matty/Library/Developer/Xcode/DerivedData/ModuleCache.noindex -emit-dependencies -emit-module -emit-module-path /Users/matty/Library/Developer/Xcode/DerivedData/TapCard-fnnjqtdltmyqaphjbfosxtdfgccd/Build/Intermediates.noindex/TapCard.build/Debug-iphonesimulator/TapCard.build/Objects-normal/arm64/TapCard.swiftmodule -serialize-diagnostics -dependency-scan-serialize-diagnostics-path /Users/matty/Library/Developer/Xcode/DerivedData/TapCard-fnnjqtdltmyqaphjbfosxtdfgccd/Build/Intermediates.noindex/TapCard.build/Debug-iphonesimulator/TapCard.build/Objects-normal/arm64/TapCard-dependency-scan.dia -validate-clang-modules-once -clang-build-session-file /Users/matty/Library/Developer/Xcode/DerivedData/ModuleCache.noindex/Session.modulevalidation -Xcc -fmodules-prune-interval\=86400 -Xcc -fmodules-prune-after\=345600 -emit-const-values -const-gather-protocols-list /Users/matty/Library/Developer/Xcode/DerivedData/TapCard-fnnjqtdltmyqaphjbfosxtdfgccd/Build/Intermediates.noindex/TapCard.build/Debug-iphonesimulator/TapCard.build/Objects-normal/arm64/TapCard_const_extract_protocols.json -Xcc -iquote -Xcc /Users/matty/Library/Developer/Xcode/DerivedData/TapCard-fnnjqtdltmyqaphjbfosxtdfgccd/Build/Intermediates.noindex/TapCard.build/Debug-iphonesimulator/TapCard.build/TapCard-generated-files.hmap -Xcc -I/Users/matty/Library/Developer/Xcode/DerivedData/TapCard-fnnjqtdltmyqaphjbfosxtdfgccd/Build/Intermediates.noindex/TapCard.build/Debug-iphonesimulator/TapCard.build/TapCard-own-target-headers.hmap -Xcc -I/Users/matty/Library/Developer/Xcode/DerivedData/TapCard-fnnjqtdltmyqaphjbfosxtdfgccd/Build/Intermediates.noindex/TapCard.build/Debug-iphonesimulator/TapCard.build/TapCard-all-non-framework-target-headers.hmap -Xcc -ivfsoverlay -Xcc /Users/matty/Library/Developer/Xcode/DerivedData/TapCard-fnnjqtdltmyqaphjbfosxtdfgccd/Build/Intermediates.noindex/TapCard.build/Debug-iphonesimulator/TapCard-066f6fdc37880b31cb72159f0b4e6ee1-VFS-iphonesimulator/all-product-headers.yaml -Xcc -iquote -Xcc /Users/matty/Library/Developer/Xcode/DerivedData/TapCard-fnnjqtdltmyqaphjbfosxtdfgccd/Build/Intermediates.noindex/TapCard.build/Debug-iphonesimulator/TapCard.build/TapCard-project-headers.hmap -Xcc -I/Users/matty/Library/Developer/Xcode/DerivedData/TapCard-fnnjqtdltmyqaphjbfosxtdfgccd/Build/Products/Debug-iphonesimulator/include -Xcc -I/Users/matty/Library/Developer/Xcode/DerivedData/TapCard-fnnjqtdltmyqaphjbfosxtdfgccd/Build/Intermediates.noindex/TapCard.build/Debug-iphonesimulator/TapCard.build/DerivedSources-normal/arm64 -Xcc -I/Users/matty/Library/Developer/Xcode/DerivedData/TapCard-fnnjqtdltmyqaphjbfosxtdfgccd/Build/Intermediates.noindex/TapCard.build/Debug-iphonesimulator/TapCard.build/DerivedSources/arm64 -Xcc -I/Users/matty/Library/Developer/Xcode/DerivedData/TapCard-fnnjqtdltmyqaphjbfosxtdfgccd/Build/Intermediates.noindex/TapCard.build/Debug-iphonesimulator/TapCard.build/DerivedSources -Xcc -DDEBUG\=1 -emit-objc-header -emit-objc-header-path /Users/matty/Library/Developer/Xcode/DerivedData/TapCard-fnnjqtdltmyqaphjbfosxtdfgccd/Build/Intermediates.noindex/TapCard.build/Debug-iphonesimulator/TapCard.build/Objects-normal/arm64/TapCard-Swift.h -working-directory /Users/matty/Git_Repos/TapCard/ios -experimental-emit-module-separately -disable-cmo

SwiftDriver TapCard normal x86_64 com.apple.xcode.tools.swift.compiler (in target 'TapCard' from project 'TapCard')
    cd /Users/matty/Git_Repos/TapCard/ios
    builtin-SwiftDriver -- /Applications/Xcode-beta.app/Contents/Developer/Toolchains/XcodeDefault.xctoolchain/usr/bin/swiftc -module-name TapCard -Onone @/Users/matty/Library/Developer/Xcode/DerivedData/TapCard-fnnjqtdltmyqaphjbfosxtdfgccd/Build/Intermediates.noindex/TapCard.build/Debug-iphonesimulator/TapCard.build/Objects-normal/x86_64/TapCard.SwiftFileList -DDEBUG -enable-bare-slash-regex -enable-experimental-feature DebugDescriptionMacro -sdk /Applications/Xcode-beta.app/Contents/Developer/Platforms/iPhoneSimulator.platform/Developer/SDKs/iPhoneSimulator27.0.sdk -target x86_64-apple-ios16.0-simulator -g -module-cache-path /Users/matty/Library/Developer/Xcode/DerivedData/ModuleCache.noindex -Xfrontend -serialize-debugging-options -enable-testing -index-store-path /Users/matty/Library/Developer/Xcode/DerivedData/TapCard-fnnjqtdltmyqaphjbfosxtdfgccd/Index.noindex/DataStore -Xcc -D_LIBCPP_HARDENING_MODE\=_LIBCPP_HARDENING_MODE_DEBUG -swift-version 5 -I /Users/matty/Library/Developer/Xcode/DerivedData/TapCard-fnnjqtdltmyqaphjbfosxtdfgccd/Build/Products/Debug-iphonesimulator -F /Users/matty/Library/Developer/Xcode/DerivedData/TapCard-fnnjqtdltmyqaphjbfosxtdfgccd/Build/Products/Debug-iphonesimulator/PackageFrameworks -F /Users/matty/Library/Developer/Xcode/DerivedData/TapCard-fnnjqtdltmyqaphjbfosxtdfgccd/Build/Products/Debug-iphonesimulator -c -j10 -enable-batch-mode -incremental -Xcc -ivfsstatcache -Xcc /Users/matty/Library/Developer/Xcode/DerivedData/SDKStatCaches.noindex/iphonesimulator27.0-24A5370g-3243818bda632a4370e1cc7a9fd181c5.sdkstatcache -output-file-map /Users/matty/Library/Developer/Xcode/DerivedData/TapCard-fnnjqtdltmyqaphjbfosxtdfgccd/Build/Intermediates.noindex/TapCard.build/Debug-iphonesimulator/TapCard.build/Objects-normal/x86_64/TapCard-OutputFileMap.json -save-temps -no-color-diagnostics -explicit-module-build -module-cache-path /Users/matty/Library/Developer/Xcode/DerivedData/TapCard-fnnjqtdltmyqaphjbfosxtdfgccd/Build/Intermediates.noindex/SwiftExplicitPrecompiledModules -clang-scanner-module-cache-path /Users/matty/Library/Developer/Xcode/DerivedData/ModuleCache.noindex -sdk-module-cache-path /Users/matty/Library/Developer/Xcode/DerivedData/ModuleCache.noindex -emit-dependencies -emit-module -emit-module-path /Users/matty/Library/Developer/Xcode/DerivedData/TapCard-fnnjqtdltmyqaphjbfosxtdfgccd/Build/Intermediates.noindex/TapCard.build/Debug-iphonesimulator/TapCard.build/Objects-normal/x86_64/TapCard.swiftmodule -serialize-diagnostics -dependency-scan-serialize-diagnostics-path /Users/matty/Library/Developer/Xcode/DerivedData/TapCard-fnnjqtdltmyqaphjbfosxtdfgccd/Build/Intermediates.noindex/TapCard.build/Debug-iphonesimulator/TapCard.build/Objects-normal/x86_64/TapCard-dependency-scan.dia -validate-clang-modules-once -clang-build-session-file /Users/matty/Library/Developer/Xcode/DerivedData/ModuleCache.noindex/Session.modulevalidation -Xcc -fmodules-prune-interval\=86400 -Xcc -fmodules-prune-after\=345600 -emit-const-values -const-gather-protocols-list /Users/matty/Library/Developer/Xcode/DerivedData/TapCard-fnnjqtdltmyqaphjbfosxtdfgccd/Build/Intermediates.noindex/TapCard.build/Debug-iphonesimulator/TapCard.build/Objects-normal/x86_64/TapCard_const_extract_protocols.json -Xcc -iquote -Xcc /Users/matty/Library/Developer/Xcode/DerivedData/TapCard-fnnjqtdltmyqaphjbfosxtdfgccd/Build/Intermediates.noindex/TapCard.build/Debug-iphonesimulator/TapCard.build/TapCard-generated-files.hmap -Xcc -I/Users/matty/Library/Developer/Xcode/DerivedData/TapCard-fnnjqtdltmyqaphjbfosxtdfgccd/Build/Intermediates.noindex/TapCard.build/Debug-iphonesimulator/TapCard.build/TapCard-own-target-headers.hmap -Xcc -I/Users/matty/Library/Developer/Xcode/DerivedData/TapCard-fnnjqtdltmyqaphjbfosxtdfgccd/Build/Intermediates.noindex/TapCard.build/Debug-iphonesimulator/TapCard.build/TapCard-all-non-framework-target-headers.hmap -Xcc -ivfsoverlay -Xcc /Users/matty/Library/Developer/Xcode/DerivedData/TapCard-fnnjqtdltmyqaphjbfosxtdfgccd/Build/Intermediates.noindex/TapCard.build/Debug-iphonesimulator/TapCard-066f6fdc37880b31cb72159f0b4e6ee1-VFS-iphonesimulator/all-product-headers.yaml -Xcc -iquote -Xcc /Users/matty/Library/Developer/Xcode/DerivedData/TapCard-fnnjqtdltmyqaphjbfosxtdfgccd/Build/Intermediates.noindex/TapCard.build/Debug-iphonesimulator/TapCard.build/TapCard-project-headers.hmap -Xcc -I/Users/matty/Library/Developer/Xcode/DerivedData/TapCard-fnnjqtdltmyqaphjbfosxtdfgccd/Build/Products/Debug-iphonesimulator/include -Xcc -I/Users/matty/Library/Developer/Xcode/DerivedData/TapCard-fnnjqtdltmyqaphjbfosxtdfgccd/Build/Intermediates.noindex/TapCard.build/Debug-iphonesimulator/TapCard.build/DerivedSources-normal/x86_64 -Xcc -I/Users/matty/Library/Developer/Xcode/DerivedData/TapCard-fnnjqtdltmyqaphjbfosxtdfgccd/Build/Intermediates.noindex/TapCard.build/Debug-iphonesimulator/TapCard.build/DerivedSources/x86_64 -Xcc -I/Users/matty/Library/Developer/Xcode/DerivedData/TapCard-fnnjqtdltmyqaphjbfosxtdfgccd/Build/Intermediates.noindex/TapCard.build/Debug-iphonesimulator/TapCard.build/DerivedSources -Xcc -DDEBUG\=1 -emit-objc-header -emit-objc-header-path /Users/matty/Library/Developer/Xcode/DerivedData/TapCard-fnnjqtdltmyqaphjbfosxtdfgccd/Build/Intermediates.noindex/TapCard.build/Debug-iphonesimulator/TapCard.build/Objects-normal/x86_64/TapCard-Swift.h -working-directory /Users/matty/Git_Repos/TapCard/ios -experimental-emit-module-separately -disable-cmo

ProcessInfoPlistFile /Users/matty/Library/Developer/Xcode/DerivedData/TapCard-fnnjqtdltmyqaphjbfosxtdfgccd/Build/Products/Debug-iphonesimulator/TapCard.app/Info.plist /Users/matty/Git_Repos/TapCard/ios/TapCard/Info.plist (in target 'TapCard' from project 'TapCard')
    cd /Users/matty/Git_Repos/TapCard/ios
    builtin-infoPlistUtility /Users/matty/Git_Repos/TapCard/ios/TapCard/Info.plist -producttype com.apple.product-type.application -genpkginfo /Users/matty/Library/Developer/Xcode/DerivedData/TapCard-fnnjqtdltmyqaphjbfosxtdfgccd/Build/Products/Debug-iphonesimulator/TapCard.app/PkgInfo -expandbuildsettings -format binary -platform iphonesimulator -additionalcontentfile /Users/matty/Library/Developer/Xcode/DerivedData/TapCard-fnnjqtdltmyqaphjbfosxtdfgccd/Build/Intermediates.noindex/TapCard.build/Debug-iphonesimulator/TapCard.build/assetcatalog_generated_info.plist -scanforprivacyfile /Users/matty/Library/Developer/Xcode/DerivedData/TapCard-fnnjqtdltmyqaphjbfosxtdfgccd/Build/Products/Debug-iphonesimulator/TapCard.app/swift-crypto_Crypto.bundle -o /Users/matty/Library/Developer/Xcode/DerivedData/TapCard-fnnjqtdltmyqaphjbfosxtdfgccd/Build/Products/Debug-iphonesimulator/TapCard.app/Info.plist

SwiftCompile normal x86_64 Compiling\ DashboardView.swift /Users/matty/Git_Repos/TapCard/ios/TapCard/Views/DashboardView.swift (in target 'TapCard' from project 'TapCard')

SwiftCompile normal x86_64 /Users/matty/Git_Repos/TapCard/ios/TapCard/Views/DashboardView.swift (in target 'TapCard' from project 'TapCard')
    cd /Users/matty/Git_Repos/TapCard/ios
    builtin-SwiftPerFileCompile DashboardView.swift

SwiftEmitModule normal arm64 Emitting\ module\ for\ TapCard (in target 'TapCard' from project 'TapCard')

SwiftCompile normal arm64 (in target 'TapCard' from project 'TapCard')
    cd /Users/matty/Git_Repos/TapCard/ios
    

SwiftEmitModule normal x86_64 Emitting\ module\ for\ TapCard (in target 'TapCard' from project 'TapCard')

SwiftCompile normal x86_64 (in target 'TapCard' from project 'TapCard')
    cd /Users/matty/Git_Repos/TapCard/ios
    

SwiftCompile normal arm64 Compiling\ DashboardView.swift /Users/matty/Git_Repos/TapCard/ios/TapCard/Views/DashboardView.swift (in target 'TapCard' from project 'TapCard')
/Users/matty/Git_Repos/TapCard/ios/TapCard/Views/DashboardView.swift:21:70: error: value of type 'SyncStatus' has no member 'isFailure'
 19 |                     Text(profileViewModel.syncStatus.label)
 20 |                         .font(.footnote)
 21 |                         .foregroundStyle(profileViewModel.syncStatus.isFailure ? .red : .secondary)
    |                                                                      `- error: value of type 'SyncStatus' has no member 'isFailure'
 22 | 
 23 |                     if profileViewModel.syncStatus.isFailure, let error = profileViewModel.syncError {
Failed frontend command:
/Applications/Xcode-beta.app/Contents/Developer/Toolchains/XcodeDefault.xctoolchain/usr/bin/swift-frontend -frontend -c /Users/matty/Git_Repos/TapCard/ios/TapCard/Services/AnalyticsService.swift /Users/matty/Git_Repos/TapCard/ios/TapCard/Config/AppConfig.swift /Users/matty/Git_Repos/TapCard/ios/TapCard/Views/AuthView.swift /Users/matty/Git_Repos/TapCard/ios/TapCard/ViewModels/AuthViewModel.swift /Users/matty/Git_Repos/TapCard/ios/TapCard/Views/Components/BusinessCardPreview.swift -primary-file /Users/matty/Git_Repos/TapCard/ios/TapCard/Views/DashboardView.swift /Users/matty/Git_Repos/TapCard/ios/TapCard/Views/EditorView.swift /Users/matty/Git_Repos/TapCard/ios/TapCard/Services/ImageCompressor.swift /Users/matty/Git_Repos/TapCard/ios/TapCard/Services/NFCTagService.swift /Users/matty/Git_Repos/TapCard/ios/TapCard/Views/OnboardingView.swift /Users/matty/Git_Repos/TapCard/ios/TapCard/Models/Profile.swift /Users/matty/Git_Repos/TapCard/ios/TapCard/Services/ProfileStore.swift /Users/matty/Git_Repos/TapCard/ios/TapCard/ViewModels/ProfileViewModel.swift /Users/matty/Git_Repos/TapCard/ios/TapCard/Services/QRCodeService.swift /Users/matty/Git_Repos/TapCard/ios/TapCard/Views/SettingsView.swift /Users/matty/Git_Repos/TapCard/ios/TapCard/Views/Components/ShareSheet.swift /Users/matty/Git_Repos/TapCard/ios/TapCard/Services/SupabaseService.swift /Users/matty/Git_Repos/TapCard/ios/TapCard/Models/SyncStatus.swift /Users/matty/Git_Repos/TapCard/ios/TapCard/App/TapCardApp.swift /Users/matty/Git_Repos/TapCard/ios/TapCard/Services/VCardService.swift /Users/matty/Library/Developer/Xcode/DerivedData/TapCard-fnnjqtdltmyqaphjbfosxtdfgccd/Build/Intermediates.noindex/TapCard.build/Debug-iphonesimulator/TapCard.build/DerivedSources/GeneratedAssetSymbols.swift -emit-dependencies-path /Users/matty/Library/Developer/Xcode/DerivedData/TapCard-fnnjqtdltmyqaphjbfosxtdfgccd/Build/Intermediates.noindex/TapCard.build/Debug-iphonesimulator/TapCard.build/Objects-normal/arm64/DashboardView.d -emit-const-values-path /Users/matty/Library/Developer/Xcode/DerivedData/TapCard-fnnjqtdltmyqaphjbfosxtdfgccd/Build/Intermediates.noindex/TapCard.build/Debug-iphonesimulator/TapCard.build/Objects-normal/arm64/DashboardView.swiftconstvalues -emit-reference-dependencies-path /Users/matty/Library/Developer/Xcode/DerivedData/TapCard-fnnjqtdltmyqaphjbfosxtdfgccd/Build/Intermediates.noindex/TapCard.build/Debug-iphonesimulator/TapCard.build/Objects-normal/arm64/DashboardView.swiftdeps -serialize-diagnostics-path /Users/matty/Library/Developer/Xcode/DerivedData/TapCard-fnnjqtdltmyqaphjbfosxtdfgccd/Build/Intermediates.noindex/TapCard.build/Debug-iphonesimulator/TapCard.build/Objects-normal/arm64/DashboardView.dia -target arm64-apple-ios16.0-simulator -module-can-import-version DeveloperToolsSupport 24.0.23 24.0.23 -module-can-import-version SwiftUI 8.0.71.1 8.0.71 -module-can-import-version UIKit 9127.0.71.1 9127.0.71 -disable-cross-import-overlay-search -swift-module-cross-import CoreNFC /Applications/Xcode-beta.app/Contents/Developer/Platforms/iPhoneSimulator.platform/Developer/SDKs/iPhoneSimulator.sdk/System/Library/Frameworks/CoreNFC.framework/Modules/CoreNFC.swiftcrossimport/UIKit.swiftoverlay -swift-module-cross-import CoreNFC /Applications/Xcode-beta.app/Contents/Developer/Platforms/iPhoneSimulator.platform/Developer/SDKs/iPhoneSimulator27.0.sdk/System/Library/Frameworks/CoreNFC.framework/Modules/CoreNFC.swiftcrossimport/UIKit.swiftoverlay -swift-module-cross-import PhotosUI /Applications/Xcode-beta.app/Contents/Developer/Platforms/iPhoneSimulator.platform/Developer/SDKs/iPhoneSimulator.sdk/System/Library/Frameworks/PhotosUI.framework/Modules/PhotosUI.swiftcrossimport/SwiftUI.swiftoverlay -swift-module-cross-import PhotosUI /Applications/Xcode-beta.app/Contents/Developer/Platforms/iPhoneSimulator.platform/Developer/SDKs/iPhoneSimulator.sdk/System/Library/Frameworks/PhotosUI.framework/Modules/PhotosUI.swiftcrossimport/WidgetKit.swiftoverlay -swift-module-cross-import PhotosUI /Applications/Xcode-beta.app/Contents/Developer/Platforms/iPhoneSimulator.platform/Developer/SDKs/iPhoneSimulator27.0.sdk/System/Library/Frameworks/PhotosUI.framework/Modules/PhotosUI.swiftcrossimport/SwiftUI.swiftoverlay -swift-module-cross-import PhotosUI /Applications/Xcode-beta.app/Contents/Developer/Platforms/iPhoneSimulator.platform/Developer/SDKs/iPhoneSimulator27.0.sdk/System/Library/Frameworks/PhotosUI.framework/Modules/PhotosUI.swiftcrossimport/WidgetKit.swiftoverlay -load-resolved-plugin /Applications/Xcode-beta.app/Contents/Developer/Platforms/iPhoneOS.platform/Developer/usr/lib/swift/host/plugins/libFoundationMacros.dylib\#/Applications/Xcode-beta.app/Contents/Developer/Platforms/iPhoneOS.platform/Developer/usr/bin/swift-plugin-server\#FoundationMacros -load-resolved-plugin /Applications/Xcode-beta.app/Contents/Developer/Platforms/iPhoneOS.platform/Developer/usr/lib/swift/host/plugins/libObservationMacros.dylib\#/Applications/Xcode-beta.app/Contents/Developer/Platforms/iPhoneOS.platform/Developer/usr/bin/swift-plugin-server\#ObservationMacros -load-resolved-plugin /Applications/Xcode-beta.app/Contents/Developer/Platforms/iPhoneOS.platform/Developer/usr/lib/swift/host/plugins/libPreviewsMacros.dylib\#/Applications/Xcode-beta.app/Contents/Developer/Platforms/iPhoneOS.platform/Developer/usr/bin/swift-plugin-server\#PreviewsMacros -load-resolved-plugin /Applications/Xcode-beta.app/Contents/Developer/Platforms/iPhoneOS.platform/Developer/usr/lib/swift/host/plugins/libSwiftMacros.dylib\#/Applications/Xcode-beta.app/Contents/Developer/Platforms/iPhoneOS.platform/Developer/usr/bin/swift-plugin-server\#SwiftMacros -load-resolved-plugin /Applications/Xcode-beta.app/Contents/Developer/Platforms/iPhoneOS.platform/Developer/usr/lib/swift/host/plugins/libSwiftUIMacros.dylib\#/Applications/Xcode-beta.app/Contents/Developer/Platforms/iPhoneOS.platform/Developer/usr/bin/swift-plugin-server\#SwiftUIMacros -disable-implicit-swift-modules -Xcc -fno-implicit-modules -Xcc -fno-implicit-module-maps -explicit-swift-module-map-file /Users/matty/Library/Developer/Xcode/DerivedData/TapCard-fnnjqtdltmyqaphjbfosxtdfgccd/Build/Intermediates.noindex/TapCard.build/Debug-iphonesimulator/TapCard.build/Objects-normal/arm64/TapCard-dependencies-2.json -Xllvm -aarch64-use-tbi -enable-objc-interop -sdk /Applications/Xcode-beta.app/Contents/Developer/Platforms/iPhoneSimulator.platform/Developer/SDKs/iPhoneSimulator27.0.sdk -I /Users/matty/Library/Developer/Xcode/DerivedData/TapCard-fnnjqtdltmyqaphjbfosxtdfgccd/Build/Products/Debug-iphonesimulator -F /Users/matty/Library/Developer/Xcode/DerivedData/TapCard-fnnjqtdltmyqaphjbfosxtdfgccd/Build/Products/Debug-iphonesimulator/PackageFrameworks -F /Users/matty/Library/Developer/Xcode/DerivedData/TapCard-fnnjqtdltmyqaphjbfosxtdfgccd/Build/Products/Debug-iphonesimulator -module-cache-path /Users/matty/Library/Developer/Xcode/DerivedData/TapCard-fnnjqtdltmyqaphjbfosxtdfgccd/Build/Intermediates.noindex/SwiftExplicitPrecompiledModules -no-color-diagnostics -Xcc -fno-color-diagnostics -enable-testing -g -debug-info-format\=dwarf -dwarf-version\=4 -swift-version 5 -Onone -D DEBUG -serialize-debugging-options -enable-experimental-feature DebugDescriptionMacro -enable-bare-slash-regex -empty-abi-descriptor -validate-clang-modules-once -clang-build-session-file /Users/matty/Library/Developer/Xcode/DerivedData/ModuleCache.noindex/Session.modulevalidation -Xcc -working-directory -Xcc /Users/matty/Git_Repos/TapCard/ios -enable-anonymous-context-mangled-names -file-compilation-dir /Users/matty/Git_Repos/TapCard/ios -Xcc -D_LIBCPP_HARDENING_MODE\=_LIBCPP_HARDENING_MODE_DEBUG -Xcc -ivfsstatcache -Xcc /Users/matty/Library/Developer/Xcode/DerivedData/SDKStatCaches.noindex/iphonesimulator27.0-24A5370g-3243818bda632a4370e1cc7a9fd181c5.sdkstatcache -Xcc -fmodules-prune-interval\=86400 -Xcc -fmodules-prune-after\=345600 -Xcc -iquote -Xcc /Users/matty/Library/Developer/Xcode/DerivedData/TapCard-fnnjqtdltmyqaphjbfosxtdfgccd/Build/Intermediates.noindex/TapCard.build/Debug-iphonesimulator/TapCard.build/TapCard-generated-files.hmap -Xcc -I/Users/matty/Library/Developer/Xcode/DerivedData/TapCard-fnnjqtdltmyqaphjbfosxtdfgccd/Build/Intermediates.noindex/TapCard.build/Debug-iphonesimulator/TapCard.build/TapCard-own-target-headers.hmap -Xcc -I/Users/matty/Library/Developer/Xcode/DerivedData/TapCard-fnnjqtdltmyqaphjbfosxtdfgccd/Build/Intermediates.noindex/TapCard.build/Debug-iphonesimulator/TapCard.build/TapCard-all-non-framework-target-headers.hmap -Xcc -ivfsoverlay -Xcc /Users/matty/Library/Developer/Xcode/DerivedData/TapCard-fnnjqtdltmyqaphjbfosxtdfgccd/Build/Intermediates.noindex/TapCard.build/Debug-iphonesimulator/TapCard-066f6fdc37880b31cb72159f0b4e6ee1-VFS-iphonesimulator/all-product-headers.yaml -Xcc -iquote -Xcc /Users/matty/Library/Developer/Xcode/DerivedData/TapCard-fnnjqtdltmyqaphjbfosxtdfgccd/Build/Intermediates.noindex/TapCard.build/Debug-iphonesimulator/TapCard.build/TapCard-project-headers.hmap -Xcc -I/Users/matty/Library/Developer/Xcode/DerivedData/TapCard-fnnjqtdltmyqaphjbfosxtdfgccd/Build/Products/Debug-iphonesimulator/include -Xcc -I/Users/matty/Library/Developer/Xcode/DerivedData/TapCard-fnnjqtdltmyqaphjbfosxtdfgccd/Build/Intermediates.noindex/TapCard.build/Debug-iphonesimulator/TapCard.build/DerivedSources-normal/arm64 -Xcc -I/Users/matty/Library/Developer/Xcode/DerivedData/TapCard-fnnjqtdltmyqaphjbfosxtdfgccd/Build/Intermediates.noindex/TapCard.build/Debug-iphonesimulator/TapCard.build/DerivedSources/arm64 -Xcc -I/Users/matty/Library/Developer/Xcode/DerivedData/TapCard-fnnjqtdltmyqaphjbfosxtdfgccd/Build/Intermediates.noindex/TapCard.build/Debug-iphonesimulator/TapCard.build/DerivedSources -Xcc -DDEBUG\=1 -no-auto-bridging-header-chaining -module-name TapCard -const-gather-protocols-file /Users/matty/Library/Developer/Xcode/DerivedData/TapCard-fnnjqtdltmyqaphjbfosxtdfgccd/Build/Intermediates.noindex/TapCard.build/Debug-iphonesimulator/TapCard.build/Objects-normal/arm64/TapCard_const_extract_protocols.json -disable-clang-spi -clang-target arm64-apple-ios27.0-simulator -target-sdk-version 27.0 -target-sdk-name iphonesimulator27.0 -in-process-plugin-server-path /Applications/Xcode-beta.app/Contents/Developer/Toolchains/XcodeDefault.xctoolchain/usr/lib/swift/host/libSwiftInProcPluginServer.dylib -o /Users/matty/Library/Developer/Xcode/DerivedData/TapCard-fnnjqtdltmyqaphjbfosxtdfgccd/Build/Intermediates.noindex/TapCard.build/Debug-iphonesimulator/TapCard.build/Objects-normal/arm64/DashboardView.o -debug-module-path /Users/matty/Library/Developer/Xcode/DerivedData/TapCard-fnnjqtdltmyqaphjbfosxtdfgccd/Build/Intermediates.noindex/TapCard.build/Debug-iphonesimulator/TapCard.build/Objects-normal/arm64/TapCard.swiftmodule -index-unit-output-path /TapCard.build/Debug-iphonesimulator/TapCard.build/Objects-normal/arm64/DashboardView.o -index-store-path /Users/matty/Library/Developer/Xcode/DerivedData/TapCard-fnnjqtdltmyqaphjbfosxtdfgccd/Index.noindex/DataStore -index-system-modules

SwiftCompile normal arm64 /Users/matty/Git_Repos/TapCard/ios/TapCard/Views/DashboardView.swift (in target 'TapCard' from project 'TapCard')
    cd /Users/matty/Git_Repos/TapCard/ios
    builtin-SwiftPerFileCompile DashboardView.swift

PruneExplicitPrecompiledModules /Users/matty/Library/Developer/Xcode/DerivedData/TapCard-fnnjqtdltmyqaphjbfosxtdfgccd/Build/Intermediates.noindex/ExplicitPrecompiledModules

PruneExplicitPrecompiledModules /Users/matty/Library/Developer/Xcode/DerivedData/TapCard-fnnjqtdltmyqaphjbfosxtdfgccd/Build/Intermediates.noindex/SwiftExplicitPrecompiledModules

